12:08:19.514 [main] DEBUG com.intuit.karate.Suite - [config] classpath:karate-config.js
12:08:19.523 [main] DEBUG com.intuit.karate.Suite - waiting for 5 features to complete
12:08:20.221 [pool-1-thread-5] INFO  com.intuit.karate - karate.env system property was: null 
12:08:20.221 [pool-1-thread-3] INFO  com.intuit.karate - karate.env system property was: null 
12:08:20.221 [pool-1-thread-11] INFO  com.intuit.karate - karate.env system property was: null 
12:08:20.221 [pool-1-thread-12] INFO  com.intuit.karate - karate.env system property was: null 
12:08:20.221 [pool-1-thread-2] INFO  com.intuit.karate - karate.env system property was: null 
12:08:20.221 [pool-1-thread-14] INFO  com.intuit.karate - karate.env system property was: null 
12:08:20.221 [pool-1-thread-6] INFO  com.intuit.karate - karate.env system property was: null 
12:08:20.229 [pool-1-thread-3] INFO  com.intuit.karate - >> lock acquired, begin callSingle: classpath:com/tests/presteps.feature
12:08:20.221 [pool-1-thread-1] INFO  com.intuit.karate - karate.env system property was: null 
12:08:20.230 [pool-1-thread-17] INFO  com.intuit.karate - karate.env system property was: null 
12:08:20.221 [pool-1-thread-8] INFO  com.intuit.karate - karate.env system property was: null 
12:08:20.221 [pool-1-thread-13] INFO  com.intuit.karate - karate.env system property was: null 
12:08:20.221 [pool-1-thread-15] INFO  com.intuit.karate - karate.env system property was: null 
12:08:20.221 [pool-1-thread-16] INFO  com.intuit.karate - karate.env system property was: null 
12:08:20.221 [pool-1-thread-9] INFO  com.intuit.karate - karate.env system property was: null 
12:08:20.221 [pool-1-thread-4] INFO  com.intuit.karate - karate.env system property was: null 
12:08:20.221 [pool-1-thread-7] INFO  com.intuit.karate - karate.env system property was: null 
12:08:20.237 [pool-1-thread-18] INFO  com.intuit.karate - karate.env system property was: null 
12:08:20.221 [pool-1-thread-10] INFO  com.intuit.karate - karate.env system property was: null 
12:08:20.241 [pool-2-thread-1] INFO  com.intuit.karate - karate.env system property was: null 
12:08:20.252 [pool-1-thread-19] INFO  com.intuit.karate - karate.env system property was: null 
12:08:20.484 [pool-1-thread-3] DEBUG com.intuit.karate - request:
1 > POST https://restful-booker.herokuapp.com/auth
1 > Content-Type: application/json; charset=UTF-8
1 > Content-Length: 45
1 > Host: restful-booker.herokuapp.com
1 > Connection: Keep-Alive
1 > User-Agent: Apache-HttpClient/4.5.13 (Java/1.8.0_312)
1 > Accept-Encoding: gzip,deflate
{"password":"password123","username":"admin"}

12:08:22.055 [pool-1-thread-3] DEBUG com.intuit.karate - response time in milliseconds: 1568
1 < 200
1 < Server: Cowboy
1 < Connection: keep-alive
1 < X-Powered-By: Express
1 < Content-Type: application/json; charset=utf-8
1 < Content-Length: 27
1 < Etag: W/"1b-/PetzMNcpntODmFPECrQHmBKIzc"
1 < Date: Wed, 20 Apr 2022 06:38:21 GMT
1 < Via: 1.1 vegur
{"token":"df3db6d3e136366"}
12:08:22.087 [pool-1-thread-3] DEBUG com.intuit.karate - request:
2 > POST https://restful-booker.herokuapp.com/booking
2 > Content-Type: application/json; charset=UTF-8
2 > Accept: application/json
2 > Content-Length: 168
2 > Host: restful-booker.herokuapp.com
2 > Connection: Keep-Alive
2 > User-Agent: Apache-HttpClient/4.5.13 (Java/1.8.0_312)
2 > Accept-Encoding: gzip,deflate
{"firstname":"Jim","additionalneeds":"Breakfast","bookingdates":{"checkin":"2018-01-01","checkout":"2019-01-01"},"totalprice":111,"depositpaid":true,"lastname":"Brown"}

12:08:23.372 [pool-1-thread-3] DEBUG com.intuit.karate - response time in milliseconds: 1285
2 < 200
2 < Server: Cowboy
2 < Connection: keep-alive
2 < X-Powered-By: Express
2 < Content-Type: application/json; charset=utf-8
2 < Content-Length: 195
2 < Etag: W/"c3-mn55egQAxUO9Zrxh5tu5PIeoIzs"
2 < Date: Wed, 20 Apr 2022 06:38:23 GMT
2 < Via: 1.1 vegur
{"booking":{"firstname":"Jim","additionalneeds":"Breakfast","bookingdates":{"checkin":"2018-01-01","checkout":"2019-01-01"},"totalprice":111,"depositpaid":true,"lastname":"Brown"},"bookingid":18}
12:08:23.380 [pool-1-thread-3] INFO  com.intuit.karate - << lock released, cached callSingle: classpath:com/tests/presteps.feature
12:08:23.380 [pool-1-thread-19] WARN  com.intuit.karate - this thread waited 3127 milliseconds for callSingle lock: classpath:com/tests/presteps.feature
12:08:23.381 [pool-2-thread-1] WARN  com.intuit.karate - this thread waited 3140 milliseconds for callSingle lock: classpath:com/tests/presteps.feature
12:08:23.381 [pool-1-thread-9] WARN  com.intuit.karate - this thread waited 3142 milliseconds for callSingle lock: classpath:com/tests/presteps.feature
12:08:23.381 [pool-1-thread-10] WARN  com.intuit.karate - this thread waited 3142 milliseconds for callSingle lock: classpath:com/tests/presteps.feature
12:08:23.382 [pool-1-thread-18] WARN  com.intuit.karate - this thread waited 3144 milliseconds for callSingle lock: classpath:com/tests/presteps.feature
12:08:23.382 [pool-1-thread-7] WARN  com.intuit.karate - this thread waited 3144 milliseconds for callSingle lock: classpath:com/tests/presteps.feature
12:08:23.382 [pool-1-thread-4] WARN  com.intuit.karate - this thread waited 3145 milliseconds for callSingle lock: classpath:com/tests/presteps.feature
12:08:23.383 [pool-1-thread-16] WARN  com.intuit.karate - this thread waited 3147 milliseconds for callSingle lock: classpath:com/tests/presteps.feature
12:08:23.383 [pool-1-thread-11] WARN  com.intuit.karate - this thread waited 3151 milliseconds for callSingle lock: classpath:com/tests/presteps.feature
12:08:23.384 [pool-1-thread-15] WARN  com.intuit.karate - this thread waited 3151 milliseconds for callSingle lock: classpath:com/tests/presteps.feature
12:08:23.384 [pool-1-thread-13] WARN  com.intuit.karate - this thread waited 3153 milliseconds for callSingle lock: classpath:com/tests/presteps.feature
12:08:23.385 [pool-1-thread-8] WARN  com.intuit.karate - this thread waited 3154 milliseconds for callSingle lock: classpath:com/tests/presteps.feature
12:08:23.385 [pool-1-thread-14] WARN  com.intuit.karate - this thread waited 3154 milliseconds for callSingle lock: classpath:com/tests/presteps.feature
12:08:23.390 [pool-1-thread-17] WARN  com.intuit.karate - this thread waited 3159 milliseconds for callSingle lock: classpath:com/tests/presteps.feature
12:08:23.390 [pool-1-thread-1] WARN  com.intuit.karate - this thread waited 3160 milliseconds for callSingle lock: classpath:com/tests/presteps.feature
12:08:23.391 [pool-1-thread-12] WARN  com.intuit.karate - this thread waited 3161 milliseconds for callSingle lock: classpath:com/tests/presteps.feature
12:08:23.392 [pool-1-thread-5] WARN  com.intuit.karate - this thread waited 3161 milliseconds for callSingle lock: classpath:com/tests/presteps.feature
12:08:23.392 [pool-1-thread-6] WARN  com.intuit.karate - this thread waited 3162 milliseconds for callSingle lock: classpath:com/tests/presteps.feature
12:08:23.396 [pool-1-thread-2] WARN  com.intuit.karate - this thread waited 3167 milliseconds for callSingle lock: classpath:com/tests/presteps.feature
12:08:23.469 [pool-1-thread-14] DEBUG com.intuit.karate - request:
1 > POST https://reqres.in/api/users
1 > Content-Type: application/json; charset=UTF-8
1 > Content-Length: 28
1 > Host: reqres.in
1 > Connection: Keep-Alive
1 > User-Agent: Apache-HttpClient/4.5.13 (Java/1.8.0_312)
1 > Accept-Encoding: gzip,deflate
{"name":"ferran","job":"ba"}

12:08:23.478 [pool-1-thread-12] DEBUG com.intuit.karate - request:
1 > POST https://reqres.in/api/users
1 > Content-Type: application/json; charset=UTF-8
1 > Content-Length: 27
1 > Host: reqres.in
1 > Connection: Keep-Alive
1 > User-Agent: Apache-HttpClient/4.5.13 (Java/1.8.0_312)
1 > Accept-Encoding: gzip,deflate
{"name":"cyril","job":"qa"}

12:08:23.482 [pool-1-thread-5] DEBUG com.intuit.karate - request:
1 > POST https://reqres.in/api/users
1 > Content-Type: application/json; charset=UTF-8
1 > Content-Length: 34
1 > Host: reqres.in
1 > Connection: Keep-Alive
1 > User-Agent: Apache-HttpClient/4.5.13 (Java/1.8.0_312)
1 > Accept-Encoding: gzip,deflate
{"name":"morpheus","job":"leader"}

12:08:23.478 [pool-1-thread-8] DEBUG com.intuit.karate - request:
1 > PUT https://reqres.in/api/users
1 > Content-Type: application/json; charset=UTF-8
1 > Content-Length: 41
1 > Host: reqres.in
1 > Connection: Keep-Alive
1 > User-Agent: Apache-HttpClient/4.5.13 (Java/1.8.0_312)
1 > Accept-Encoding: gzip,deflate
{"name":"morpheus","job":"zion resident"}

12:08:23.481 [pool-1-thread-1] INFO  com.intuit.karate - [print] {"title":"Java Feature File","body":"Karate Framework","userId":"50"} 
12:08:23.481 [pool-1-thread-3] DEBUG com.intuit.karate - request:
1 > GET https://reqres.in/api/users/2
1 > Host: reqres.in
1 > Connection: Keep-Alive
1 > User-Agent: Apache-HttpClient/4.5.13 (Java/1.8.0_312)
1 > Accept-Encoding: gzip,deflate


12:08:23.481 [pool-1-thread-7] DEBUG com.intuit.karate - request:
1 > PUT https://reqres.in/api/users
1 > Content-Type: application/json; charset=UTF-8
1 > Content-Length: 41
1 > Host: reqres.in
1 > Connection: Keep-Alive
1 > User-Agent: Apache-HttpClient/4.5.13 (Java/1.8.0_312)
1 > Accept-Encoding: gzip,deflate
{"name":"morpheus","job":"zion resident"}

12:08:23.506 [pool-1-thread-2] INFO  com.intuit.karate - [print] {"title":"Welcome","body":"Karate Framework","userId":"10"} 
12:08:23.509 [pool-1-thread-9] DEBUG com.intuit.karate - request:
1 > PUT https://reqres.in/api/users
1 > Content-Type: application/json; charset=UTF-8
1 > Content-Length: 41
1 > Host: reqres.in
1 > Connection: Keep-Alive
1 > User-Agent: Apache-HttpClient/4.5.13 (Java/1.8.0_312)
1 > Accept-Encoding: gzip,deflate
{"name":"morpheus","job":"zion resident"}

12:08:23.510 [pool-1-thread-19] DEBUG com.intuit.karate - request:
1 > GET https://reqres.in/api/users/2
1 > Host: reqres.in
1 > Connection: Keep-Alive
1 > User-Agent: Apache-HttpClient/4.5.13 (Java/1.8.0_312)
1 > Accept-Encoding: gzip,deflate


12:08:23.512 [pool-1-thread-10] DEBUG com.intuit.karate - request:
1 > DELETE https://reqres.in/api/users/2
1 > Host: reqres.in
1 > Connection: Keep-Alive
1 > User-Agent: Apache-HttpClient/4.5.13 (Java/1.8.0_312)
1 > Accept-Encoding: gzip,deflate


12:08:23.512 [pool-1-thread-13] DEBUG com.intuit.karate - request:
1 > POST https://reqres.in/api/users
1 > Content-Type: application/json; charset=UTF-8
1 > Content-Length: 27
1 > Host: reqres.in
1 > Connection: Keep-Alive
1 > User-Agent: Apache-HttpClient/4.5.13 (Java/1.8.0_312)
1 > Accept-Encoding: gzip,deflate
{"name":"tony","job":"dev"}

12:08:23.523 [pool-1-thread-1] DEBUG com.intuit.karate - request:
1 > POST https://jsonplaceholder.typicode.com/posts
1 > Content-Type: application/json; charset=UTF-8
1 > Content-Length: 69
1 > Host: jsonplaceholder.typicode.com
1 > Connection: Keep-Alive
1 > User-Agent: Apache-HttpClient/4.5.13 (Java/1.8.0_312)
1 > Accept-Encoding: gzip,deflate
{"title":"Java Feature File","body":"Karate Framework","userId":"50"}

12:08:23.523 [pool-1-thread-6] DEBUG com.intuit.karate - request:
1 > POST https://reqres.in/api/users
1 > Content-Type: application/json; charset=UTF-8
1 > Content-Length: 34
1 > Host: reqres.in
1 > Connection: Keep-Alive
1 > User-Agent: Apache-HttpClient/4.5.13 (Java/1.8.0_312)
1 > Accept-Encoding: gzip,deflate
{"name":"morpheus","job":"leader"}

12:08:23.528 [pool-1-thread-2] DEBUG com.intuit.karate - request:
1 > POST https://jsonplaceholder.typicode.com/posts
1 > Content-Type: application/json; charset=UTF-8
1 > Content-Length: 59
1 > Host: jsonplaceholder.typicode.com
1 > Connection: Keep-Alive
1 > User-Agent: Apache-HttpClient/4.5.13 (Java/1.8.0_312)
1 > Accept-Encoding: gzip,deflate
{"title":"Welcome","body":"Karate Framework","userId":"10"}

12:08:23.541 [pool-1-thread-4] DEBUG com.intuit.karate - request:
1 > GET https://reqres.in/api/users?page=2
1 > Host: reqres.in
1 > Connection: Keep-Alive
1 > User-Agent: Apache-HttpClient/4.5.13 (Java/1.8.0_312)
1 > Accept-Encoding: gzip,deflate


12:08:23.553 [pool-1-thread-11] DEBUG com.intuit.karate - request:
1 > GET https://postman-echo.com/basic-auth/
1 > Authorization: Basic cG9zdG1hbjpwYXNzd29yZA==
1 > Host: postman-echo.com
1 > Connection: Keep-Alive
1 > User-Agent: Apache-HttpClient/4.5.13 (Java/1.8.0_312)
1 > Accept-Encoding: gzip,deflate


12:08:23.560 [pool-1-thread-24] INFO  com.intuit.karate - karate.env system property was: null 
12:08:23.564 [pool-1-thread-25] INFO  com.intuit.karate - karate.env system property was: null 
12:08:23.564 [pool-1-thread-22] INFO  com.intuit.karate - karate.env system property was: null 
12:08:23.565 [pool-1-thread-24] DEBUG com.intuit.karate - request:
1 > POST https://restful-booker.herokuapp.com/booking
1 > Content-Type: application/json; charset=UTF-8
1 > Accept: application/json
1 > Content-Length: 169
1 > Host: restful-booker.herokuapp.com
1 > Connection: Keep-Alive
1 > User-Agent: Apache-HttpClient/4.5.13 (Java/1.8.0_312)
1 > Accept-Encoding: gzip,deflate
{"firstname":"Tom","additionalneeds":"Breakfast","bookingdates":{"checkin":"2018-01-01","checkout":"2019-01-01"},"totalprice":111,"depositpaid":true,"lastname":"Mathew"}

12:08:23.566 [pool-1-thread-23] INFO  com.intuit.karate - karate.env system property was: null 
12:08:23.570 [pool-1-thread-22] DEBUG com.intuit.karate - request:
1 > POST https://reqres.in/api/users
1 > Content-Type: application/json; charset=UTF-8
1 > Content-Length: 28
1 > Host: reqres.in
1 > Connection: Keep-Alive
1 > User-Agent: Apache-HttpClient/4.5.13 (Java/1.8.0_312)
1 > Accept-Encoding: gzip,deflate
{"name":"ferran","job":"ba"}

12:08:23.570 [pool-1-thread-20] INFO  com.intuit.karate - karate.env system property was: null 
12:08:23.571 [pool-1-thread-23] DEBUG com.intuit.karate - request:
1 > GET https://restful-booker.herokuapp.com/booking/18
1 > Accept: application/json
1 > Host: restful-booker.herokuapp.com
1 > Connection: Keep-Alive
1 > User-Agent: Apache-HttpClient/4.5.13 (Java/1.8.0_312)
1 > Accept-Encoding: gzip,deflate


12:08:23.580 [pool-1-thread-26] INFO  com.intuit.karate - karate.env system property was: null 
12:08:23.581 [pool-1-thread-21] INFO  com.intuit.karate - karate.env system property was: null 
12:08:23.591 [pool-1-thread-20] DEBUG com.intuit.karate - request:
2 > POST https://reqres.in/api/users
2 > Content-Type: application/json; charset=UTF-8
2 > Content-Length: 27
2 > Host: reqres.in
2 > Connection: Keep-Alive
2 > User-Agent: Apache-HttpClient/4.5.13 (Java/1.8.0_312)
2 > Accept-Encoding: gzip,deflate
{"name":"cyril","job":"qa"}

12:08:23.597 [pool-1-thread-25] DEBUG com.intuit.karate - request:
1 > PUT https://restful-booker.herokuapp.com/booking/18
1 > Content-Type: application/json; charset=UTF-8
1 > Accept: application/json
1 > Cookie: token=df3db6d3e136366
1 > Content-Length: 171
1 > Host: restful-booker.herokuapp.com
1 > Connection: Keep-Alive
1 > User-Agent: Apache-HttpClient/4.5.13 (Java/1.8.0_312)
1 > Accept-Encoding: gzip,deflate
{"firstname":"James","additionalneeds":"Breakfast","bookingdates":{"checkin":"2018-01-01","checkout":"2019-01-01"},"totalprice":111,"depositpaid":true,"lastname":"George"}

12:08:23.597 [pool-1-thread-21] DEBUG com.intuit.karate - request:
3 > POST https://reqres.in/api/users
3 > Content-Type: application/json; charset=UTF-8
3 > Content-Length: 27
3 > Host: reqres.in
3 > Connection: Keep-Alive
3 > User-Agent: Apache-HttpClient/4.5.13 (Java/1.8.0_312)
3 > Accept-Encoding: gzip,deflate
{"name":"tony","job":"dev"}

12:08:23.603 [pool-1-thread-26] DEBUG com.intuit.karate - request:
1 > POST https://restful-booker.herokuapp.com/auth
1 > Content-Type: application/json; charset=UTF-8
1 > Content-Length: 45
1 > Host: restful-booker.herokuapp.com
1 > Connection: Keep-Alive
1 > User-Agent: Apache-HttpClient/4.5.13 (Java/1.8.0_312)
1 > Accept-Encoding: gzip,deflate
{"password":"password123","username":"admin"}

12:08:23.754 [pool-1-thread-18] DEBUG com.intuit.karate - request:
1 > POST https://reqres.in/api/users
1 > Content-Type: application/json; charset=UTF-8
1 > Content-Length: 44
1 > Host: reqres.in
1 > Connection: Keep-Alive
1 > User-Agent: Apache-HttpClient/4.5.13 (Java/1.8.0_312)
1 > Accept-Encoding: gzip,deflate
{"name":"Al","job":"Future Banking Analyst"}

12:08:23.755 [pool-1-thread-16] DEBUG com.intuit.karate - request:
1 > POST https://reqres.in/api/users
1 > Content-Type: application/json; charset=UTF-8
1 > Content-Length: 41
1 > Host: reqres.in
1 > Connection: Keep-Alive
1 > User-Agent: Apache-HttpClient/4.5.13 (Java/1.8.0_312)
1 > Accept-Encoding: gzip,deflate
{"name":"Harvey","job":"Forward Planner"}

12:08:23.755 [pool-1-thread-15] DEBUG com.intuit.karate - request:
1 > POST https://reqres.in/api/users
1 > Content-Type: application/json; charset=UTF-8
1 > Content-Length: 56
1 > Host: reqres.in
1 > Connection: Keep-Alive
1 > User-Agent: Apache-HttpClient/4.5.13 (Java/1.8.0_312)
1 > Accept-Encoding: gzip,deflate
{"name":"Orlando","job":"Lead Manufacturing Supervisor"}

12:08:23.755 [pool-1-thread-17] DEBUG com.intuit.karate - request:
1 > POST https://reqres.in/api/users
1 > Content-Type: application/json; charset=UTF-8
1 > Content-Length: 47
1 > Host: reqres.in
1 > Connection: Keep-Alive
1 > User-Agent: Apache-HttpClient/4.5.13 (Java/1.8.0_312)
1 > Accept-Encoding: gzip,deflate
{"name":"Toney","job":"Manufacturing Director"}

12:08:23.775 [pool-1-thread-19] DEBUG com.intuit.karate - response time in milliseconds: 265
1 < 200
1 < Date: Wed, 20 Apr 2022 06:38:23 GMT
1 < Content-Type: application/json; charset=utf-8
1 < Transfer-Encoding: chunked
1 < Connection: keep-alive
1 < X-Powered-By: Express
1 < Access-Control-Allow-Origin: *
1 < Etag: W/"118-pbdwwFo9SKNhD3Lx5iHJyngpq00"
1 < Via: 1.1 vegur
1 < Cache-Control: max-age=14400
1 < CF-Cache-Status: HIT
1 < Age: 5818
1 < Expect-CT: max-age=604800, report-uri="https://report-uri.cloudflare.com/cdn-cgi/beacon/expect-ct"
1 < Report-To: {"endpoints":[{"url":"https:\/\/a.nel.cloudflare.com\/report\/v3?s=%2F%2BVgSM9et2smwWVSkkR7cgkogFPBGSfTd9t537lmjgln2xiYUx17WeU0OVf%2F06I%2F0G8tiMeuG7AMyK9jxZo8vjTrIUxNisxVohMvj2dMDq%2BNtWbKf86%2FBrSFG0U%3D"}],"group":"cf-nel","max_age":604800}
1 < NEL: {"success_fraction":0,"report_to":"cf-nel","max_age":604800}
1 < Vary: Accept-Encoding
1 < Server: cloudflare
1 < CF-RAY: 6febe076af2b85c9-BOM
1 < alt-svc: h3=":443"; ma=86400, h3-29=":443"; ma=86400
{"data":{"last_name":"Weaver","id":2,"avatar":"https:\/\/reqres.in\/img\/faces\/2-image.jpg","first_name":"Janet","email":"janet.weaver@reqres.in"},"support":{"text":"To keep ReqRes free, contributions towards server costs are appreciated!","url":"https:\/\/reqres.in\/#support-heading"}}
12:08:23.802 [pool-1-thread-4] DEBUG com.intuit.karate - response time in milliseconds: 256
1 < 200
1 < Date: Wed, 20 Apr 2022 06:38:23 GMT
1 < Content-Type: application/json; charset=utf-8
1 < Transfer-Encoding: chunked
1 < Connection: keep-alive
1 < X-Powered-By: Express
1 < Access-Control-Allow-Origin: *
1 < Etag: W/"406-ut0vzoCuidvyMf8arZpMpJ6ZRDw"
1 < Via: 1.1 vegur
1 < Cache-Control: max-age=14400
1 < CF-Cache-Status: HIT
1 < Age: 4608
1 < Expect-CT: max-age=604800, report-uri="https://report-uri.cloudflare.com/cdn-cgi/beacon/expect-ct"
1 < Report-To: {"endpoints":[{"url":"https:\/\/a.nel.cloudflare.com\/report\/v3?s=TD3mIANdHNzx%2FRjTeqd1LluHDNqQwcF7tIUfIx%2B40ZwamjunyB2xFBEYjJ8ePX4rBet1wq3Xr%2FOiqIWA4IT5paqXznDk%2FYhT1abctEhd3Thi24XtrJIoBk8Nav8%3D"}],"group":"cf-nel","max_age":604800}
1 < NEL: {"success_fraction":0,"report_to":"cf-nel","max_age":604800}
1 < Vary: Accept-Encoding
1 < Server: cloudflare
1 < CF-RAY: 6febe076eeeb84b6-BOM
1 < alt-svc: h3=":443"; ma=86400, h3-29=":443"; ma=86400
{"per_page":6,"total":12,"data":[{"last_name":"Lawson","id":7,"avatar":"https:\/\/reqres.in\/img\/faces\/7-image.jpg","first_name":"Michael","email":"michael.lawson@reqres.in"},{"last_name":"Ferguson","id":8,"avatar":"https:\/\/reqres.in\/img\/faces\/8-image.jpg","first_name":"Lindsay","email":"lindsay.ferguson@reqres.in"},{"last_name":"Funke","id":9,"avatar":"https:\/\/reqres.in\/img\/faces\/9-image.jpg","first_name":"Tobias","email":"tobias.funke@reqres.in"},{"last_name":"Fields","id":10,"avatar":"https:\/\/reqres.in\/img\/faces\/10-image.jpg","first_name":"Byron","email":"byron.fields@reqres.in"},{"last_name":"Edwards","id":11,"avatar":"https:\/\/reqres.in\/img\/faces\/11-image.jpg","first_name":"George","email":"george.edwards@reqres.in"},{"last_name":"Howell","id":12,"avatar":"https:\/\/reqres.in\/img\/faces\/12-image.jpg","first_name":"Rachel","email":"rachel.howell@reqres.in"}],"page":2,"total_pages":2,"support":{"text":"To keep ReqRes free, contributions towards server costs are appreciated!","url":"https:\/\/reqres.in\/#support-heading"}}
12:08:23.909 [pool-1-thread-3] DEBUG com.intuit.karate - response time in milliseconds: 420
1 < 200
1 < Date: Wed, 20 Apr 2022 06:38:23 GMT
1 < Content-Type: application/json; charset=utf-8
1 < Transfer-Encoding: chunked
1 < Connection: keep-alive
1 < X-Powered-By: Express
1 < Access-Control-Allow-Origin: *
1 < Etag: W/"118-pbdwwFo9SKNhD3Lx5iHJyngpq00"
1 < Via: 1.1 vegur
1 < Cache-Control: max-age=14400
1 < CF-Cache-Status: HIT
1 < Age: 2952
1 < Expect-CT: max-age=604800, report-uri="https://report-uri.cloudflare.com/cdn-cgi/beacon/expect-ct"
1 < Report-To: {"endpoints":[{"url":"https:\/\/a.nel.cloudflare.com\/report\/v3?s=euWrU29qNStCk6q04qXfM0OJdIr%2BbTcfk%2FE98ytv4f2Mn%2Bj2AoOb%2FjQ%2F2TXSLQjDaAgcheEA66nfnnRYW4nvWvVh8MpxrIhPgKT46vySkxGaeN7FLRMPkxtIf3w%3D"}],"group":"cf-nel","max_age":604800}
1 < NEL: {"success_fraction":0,"report_to":"cf-nel","max_age":604800}
1 < Vary: Accept-Encoding
1 < Server: cloudflare
1 < CF-RAY: 6febe077681f6eca-BOM
1 < alt-svc: h3=":443"; ma=86400, h3-29=":443"; ma=86400
{"data":{"last_name":"Weaver","id":2,"avatar":"https:\/\/reqres.in\/img\/faces\/2-image.jpg","first_name":"Janet","email":"janet.weaver@reqres.in"},"support":{"text":"To keep ReqRes free, contributions towards server costs are appreciated!","url":"https:\/\/reqres.in\/#support-heading"}}
12:08:24.006 [pool-1-thread-8] DEBUG com.intuit.karate - response time in milliseconds: 520
1 < 200
1 < Date: Wed, 20 Apr 2022 06:38:24 GMT
1 < Content-Type: application/json; charset=utf-8
1 < Transfer-Encoding: chunked
1 < Connection: keep-alive
1 < X-Powered-By: Express
1 < Access-Control-Allow-Origin: *
1 < Etag: W/"50-TAlS4aCTXLIA37Emnt3SmUeRzfg"
1 < Via: 1.1 vegur
1 < CF-Cache-Status: DYNAMIC
1 < Expect-CT: max-age=604800, report-uri="https://report-uri.cloudflare.com/cdn-cgi/beacon/expect-ct"
1 < Report-To: {"endpoints":[{"url":"https:\/\/a.nel.cloudflare.com\/report\/v3?s=JthAmL%2BtI37MOq%2FysfkcZA7%2B85FKLh0ZPpx3vYCPrDsD4QZVWoVR8Gi0uirLA6MCbnJgNrFiU2LzA9OzfXZJnJuwuRSM%2BTVmkzdCM9f3zzSPT6R9k4pJsEvedNs%3D"}],"group":"cf-nel","max_age":604800}
1 < NEL: {"success_fraction":0,"report_to":"cf-nel","max_age":604800}
1 < Vary: Accept-Encoding
1 < Server: cloudflare
1 < CF-RAY: 6febe0767e1f0e98-BOM
1 < alt-svc: h3=":443"; ma=86400, h3-29=":443"; ma=86400
{"name":"morpheus","job":"zion resident","updatedAt":"2022-04-20T06:38:23.963Z"}
12:08:24.014 [pool-1-thread-12] DEBUG com.intuit.karate - response time in milliseconds: 532
1 < 201
1 < Date: Wed, 20 Apr 2022 06:38:24 GMT
1 < Content-Type: application/json; charset=utf-8
1 < Content-Length: 77
1 < Connection: keep-alive
1 < X-Powered-By: Express
1 < Access-Control-Allow-Origin: *
1 < Etag: W/"4d-fO4N2ZH3k+I4E9n2xACNorrg5eQ"
1 < Via: 1.1 vegur
1 < CF-Cache-Status: DYNAMIC
1 < Expect-CT: max-age=604800, report-uri="https://report-uri.cloudflare.com/cdn-cgi/beacon/expect-ct"
1 < Report-To: {"endpoints":[{"url":"https:\/\/a.nel.cloudflare.com\/report\/v3?s=H%2BV5%2FycKcJ%2FW8E%2Fvpy5mfkyCEBr1mp0vDRkDUUQZhdNYTrNuqlp9dWYz2k9gUW1T2mf5bjqGvbEze7g7psfSN2xeIXK8PIPAFTWRAh0rIwmSOa%2F%2Bx3YXKOeBRTc%3D"}],"group":"cf-nel","max_age":604800}
1 < NEL: {"success_fraction":0,"report_to":"cf-nel","max_age":604800}
1 < Server: cloudflare
1 < CF-RAY: 6febe07689bb3200-BOM
1 < alt-svc: h3=":443"; ma=86400, h3-29=":443"; ma=86400
{"createdAt":"2022-04-20T06:38:23.970Z","name":"cyril","id":"425","job":"qa"}
12:08:24.019 [pool-1-thread-5] DEBUG com.intuit.karate - response time in milliseconds: 537
1 < 201
1 < Date: Wed, 20 Apr 2022 06:38:24 GMT
1 < Content-Type: application/json; charset=utf-8
1 < Content-Length: 84
1 < Connection: keep-alive
1 < X-Powered-By: Express
1 < Access-Control-Allow-Origin: *
1 < Etag: W/"54-3uUFE/ouESjDEuQtmTidptLLPww"
1 < Via: 1.1 vegur
1 < CF-Cache-Status: DYNAMIC
1 < Expect-CT: max-age=604800, report-uri="https://report-uri.cloudflare.com/cdn-cgi/beacon/expect-ct"
1 < Report-To: {"endpoints":[{"url":"https:\/\/a.nel.cloudflare.com\/report\/v3?s=B8XeM2%2BAQmpPM2ocpZzZaDLgXfnb%2BQSLxHO%2FN0f%2FtAI0r%2FWGh8OFcd1YBMtFzOTWsUXOEGsdzAZH4sO7HlLEtD5njDNRdl%2BFolJi7j%2Be0moMUVSg6%2ByGsSS3nXs%3D"}],"group":"cf-nel","max_age":604800}
1 < NEL: {"success_fraction":0,"report_to":"cf-nel","max_age":604800}
1 < Server: cloudflare
1 < CF-RAY: 6febe0768afd3211-BOM
1 < alt-svc: h3=":443"; ma=86400, h3-29=":443"; ma=86400
{"createdAt":"2022-04-20T06:38:23.969Z","name":"morpheus","id":"381","job":"leader"}
12:08:24.031 [pool-1-thread-6] DEBUG com.intuit.karate - response time in milliseconds: 503
1 < 201
1 < Date: Wed, 20 Apr 2022 06:38:24 GMT
1 < Content-Type: application/json; charset=utf-8
1 < Content-Length: 84
1 < Connection: keep-alive
1 < X-Powered-By: Express
1 < Access-Control-Allow-Origin: *
1 < Etag: W/"54-6iK7M9MXuzYJNnwxLFHiRWWkDFE"
1 < Via: 1.1 vegur
1 < CF-Cache-Status: DYNAMIC
1 < Expect-CT: max-age=604800, report-uri="https://report-uri.cloudflare.com/cdn-cgi/beacon/expect-ct"
1 < Report-To: {"endpoints":[{"url":"https:\/\/a.nel.cloudflare.com\/report\/v3?s=1nRPCsCKW8hE%2FAmD59%2FRGKkJnfcUHRo9XgTp50%2BYW9mFTymJjV%2B7D%2FuDoRI%2BDb7%2F6pSL7U6pOKA%2FZctyWERgBty02s1C1pZd7GRUFK7%2FqLG2lnmDwjqtGL4bkYM%3D"}],"group":"cf-nel","max_age":604800}
1 < NEL: {"success_fraction":0,"report_to":"cf-nel","max_age":604800}
1 < Server: cloudflare
1 < CF-RAY: 6febe076ab1d2e38-BOM
1 < alt-svc: h3=":443"; ma=86400, h3-29=":443"; ma=86400
{"createdAt":"2022-04-20T06:38:23.997Z","name":"morpheus","id":"366","job":"leader"}
12:08:24.044 [pool-1-thread-9] DEBUG com.intuit.karate - response time in milliseconds: 534
1 < 200
1 < Date: Wed, 20 Apr 2022 06:38:24 GMT
1 < Content-Type: application/json; charset=utf-8
1 < Transfer-Encoding: chunked
1 < Connection: keep-alive
1 < X-Powered-By: Express
1 < Access-Control-Allow-Origin: *
1 < Etag: W/"50-jKjCZIYYpLQpwS6iaOfFq0udA7M"
1 < Via: 1.1 vegur
1 < CF-Cache-Status: DYNAMIC
1 < Expect-CT: max-age=604800, report-uri="https://report-uri.cloudflare.com/cdn-cgi/beacon/expect-ct"
1 < Report-To: {"endpoints":[{"url":"https:\/\/a.nel.cloudflare.com\/report\/v3?s=%2FCqvAMPgXULvRQS2hEJ2iyfrW%2Fl5KuVXdS8yjtH9LLDMSlkOjook34WiViXajzY3irxSGYLYrH0%2FA%2BvDehcY9GQA7s5yHceGd7%2BwHbM9ffhD5LCIDY5T8aqhHj0%3D"}],"group":"cf-nel","max_age":604800}
1 < NEL: {"success_fraction":0,"report_to":"cf-nel","max_age":604800}
1 < Vary: Accept-Encoding
1 < Server: cloudflare
1 < CF-RAY: 6febe0769fa78531-BOM
1 < alt-svc: h3=":443"; ma=86400, h3-29=":443"; ma=86400
{"name":"morpheus","job":"zion resident","updatedAt":"2022-04-20T06:38:24.006Z"}
12:08:24.060 [pool-1-thread-7] DEBUG com.intuit.karate - response time in milliseconds: 571
1 < 200
1 < Date: Wed, 20 Apr 2022 06:38:24 GMT
1 < Content-Type: application/json; charset=utf-8
1 < Transfer-Encoding: chunked
1 < Connection: keep-alive
1 < X-Powered-By: Express
1 < Access-Control-Allow-Origin: *
1 < Etag: W/"50-mzk35PQKriaqoywF6svWy2kYjXM"
1 < Via: 1.1 vegur
1 < CF-Cache-Status: DYNAMIC
1 < Expect-CT: max-age=604800, report-uri="https://report-uri.cloudflare.com/cdn-cgi/beacon/expect-ct"
1 < Report-To: {"endpoints":[{"url":"https:\/\/a.nel.cloudflare.com\/report\/v3?s=sV9vrzb32DYZMCdzJj5tQAQkivsVHmPoMeeszCj7eBAOo5onXHDrBB14%2Ft88wCOaf5ljKAWWk4RBcsF2fTCCtBoIbdWSGipg%2F%2FTAuYYx12rfsl69XGl17YO9CwI%3D"}],"group":"cf-nel","max_age":604800}
1 < NEL: {"success_fraction":0,"report_to":"cf-nel","max_age":604800}
1 < Vary: Accept-Encoding
1 < Server: cloudflare
1 < CF-RAY: 6febe0769d7a85d1-BOM
1 < alt-svc: h3=":443"; ma=86400, h3-29=":443"; ma=86400
{"name":"morpheus","job":"zion resident","updatedAt":"2022-04-20T06:38:24.016Z"}
12:08:24.082 [pool-1-thread-10] DEBUG com.intuit.karate - response time in milliseconds: 558
1 < 204
1 < Date: Wed, 20 Apr 2022 06:38:24 GMT
1 < Content-Length: 0
1 < Connection: keep-alive
1 < X-Powered-By: Express
1 < Access-Control-Allow-Origin: *
1 < Etag: W/"2-vyGp6PvFo4RvsFtPoIWeCReyIC8"
1 < Via: 1.1 vegur
1 < CF-Cache-Status: DYNAMIC
1 < Expect-CT: max-age=604800, report-uri="https://report-uri.cloudflare.com/cdn-cgi/beacon/expect-ct"
1 < Report-To: {"endpoints":[{"url":"https:\/\/a.nel.cloudflare.com\/report\/v3?s=Ct7Sm8wex72RlNGY%2F6QiSyrGUIOuArnqzvbLRHp9UxFykAnL7zTNOZBZ35YQm2NlnogRNf91nrEJcSE%2BDljBARQdxtICsTs0TQ3S6Z%2BzyPqbxcpwtGku45Akspo%3D"}],"group":"cf-nel","max_age":604800}
1 < NEL: {"success_fraction":0,"report_to":"cf-nel","max_age":604800}
1 < Server: cloudflare
1 < CF-RAY: 6febe076ab6485f0-BOM
1 < alt-svc: h3=":443"; ma=86400, h3-29=":443"; ma=86400

12:08:24.089 [pool-1-thread-14] DEBUG com.intuit.karate - response time in milliseconds: 619
1 < 201
1 < Date: Wed, 20 Apr 2022 06:38:24 GMT
1 < Content-Type: application/json; charset=utf-8
1 < Content-Length: 78
1 < Connection: keep-alive
1 < X-Powered-By: Express
1 < Access-Control-Allow-Origin: *
1 < Etag: W/"4e-U1XRammc7sIj+Av2iZx3yFB7VMw"
1 < Via: 1.1 vegur
1 < CF-Cache-Status: DYNAMIC
1 < Expect-CT: max-age=604800, report-uri="https://report-uri.cloudflare.com/cdn-cgi/beacon/expect-ct"
1 < Report-To: {"endpoints":[{"url":"https:\/\/a.nel.cloudflare.com\/report\/v3?s=ezcUxRn7TzHDrWhSg8VE8ghgU2kHnXVHlCZvpzxRWjCxidwh%2B5EOQPeQXY6s%2FZ0GXAmdXDjJR7UoHI5vSPtOd02oR5IRkDBFHpgsl0yervdr0wyXNhudwJX%2BSsw%3D"}],"group":"cf-nel","max_age":604800}
1 < NEL: {"success_fraction":0,"report_to":"cf-nel","max_age":604800}
1 < Server: cloudflare
1 < CF-RAY: 6febe07689da8600-BOM
1 < alt-svc: h3=":443"; ma=86400, h3-29=":443"; ma=86400
{"createdAt":"2022-04-20T06:38:24.040Z","name":"ferran","id":"430","job":"ba"}
12:08:24.124 [pool-1-thread-22] DEBUG com.intuit.karate - response time in milliseconds: 554
3 < 201
3 < Date: Wed, 20 Apr 2022 06:38:24 GMT
3 < Content-Type: application/json; charset=utf-8
3 < Content-Length: 78
3 < Connection: keep-alive
3 < X-Powered-By: Express
3 < Access-Control-Allow-Origin: *
3 < Etag: W/"4e-Ge1Rc0lPx4enT+SDHsZuHRmgG/E"
3 < Via: 1.1 vegur
3 < CF-Cache-Status: DYNAMIC
3 < Expect-CT: max-age=604800, report-uri="https://report-uri.cloudflare.com/cdn-cgi/beacon/expect-ct"
3 < Report-To: {"endpoints":[{"url":"https:\/\/a.nel.cloudflare.com\/report\/v3?s=phFezWYBy2xgQhSoL%2Buga7pcaeulKCwKbZifGynBwmXdO3n09CIS0YBFXd4CCrqhJdj7Q4jfxZYDMWgoQzWGQDLY%2BPUN9pDhyfMXsyf6mj7JTYbI17xRse0R4M0%3D"}],"group":"cf-nel","max_age":604800}
3 < NEL: {"success_fraction":0,"report_to":"cf-nel","max_age":604800}
3 < Server: cloudflare
3 < CF-RAY: 6febe0770b0b31c3-BOM
3 < alt-svc: h3=":443"; ma=86400, h3-29=":443"; ma=86400
{"createdAt":"2022-04-20T06:38:24.076Z","name":"ferran","id":"721","job":"ba"}
12:08:24.139 [pool-1-thread-21] DEBUG com.intuit.karate - response time in milliseconds: 542
3 < 201
3 < Date: Wed, 20 Apr 2022 06:38:24 GMT
3 < Content-Type: application/json; charset=utf-8
3 < Content-Length: 77
3 < Connection: keep-alive
3 < X-Powered-By: Express
3 < Access-Control-Allow-Origin: *
3 < Etag: W/"4d-8R6WFJvwoSvhmAvtfNeyN5XoAm4"
3 < Via: 1.1 vegur
3 < CF-Cache-Status: DYNAMIC
3 < Expect-CT: max-age=604800, report-uri="https://report-uri.cloudflare.com/cdn-cgi/beacon/expect-ct"
3 < Report-To: {"endpoints":[{"url":"https:\/\/a.nel.cloudflare.com\/report\/v3?s=VT27BAe6Xcmq5emJBY5VWifhyoBBcPQg%2Fwx0%2FaZ9f8%2FRe9%2BAS3pKmM48TX8aP0b3pqwSkR3BLvMJQR2TQDLS1dqmmvUrwtZS09KszCwwMyNEZV%2B%2FgsOsKWUwWec%3D"}],"group":"cf-nel","max_age":604800}
3 < NEL: {"success_fraction":0,"report_to":"cf-nel","max_age":604800}
3 < Server: cloudflare
3 < CF-RAY: 6febe0773b656ebc-BOM
3 < alt-svc: h3=":443"; ma=86400, h3-29=":443"; ma=86400
{"createdAt":"2022-04-20T06:38:24.090Z","name":"tony","id":"335","job":"dev"}
12:08:24.153 [pool-1-thread-20] DEBUG com.intuit.karate - response time in milliseconds: 568
3 < 201
3 < Date: Wed, 20 Apr 2022 06:38:24 GMT
3 < Content-Type: application/json; charset=utf-8
3 < Content-Length: 77
3 < Connection: keep-alive
3 < X-Powered-By: Express
3 < Access-Control-Allow-Origin: *
3 < Etag: W/"4d-+IW3KVLpeD7K/7BMx3d6DkmMuOM"
3 < Via: 1.1 vegur
3 < CF-Cache-Status: DYNAMIC
3 < Expect-CT: max-age=604800, report-uri="https://report-uri.cloudflare.com/cdn-cgi/beacon/expect-ct"
3 < Report-To: {"endpoints":[{"url":"https:\/\/a.nel.cloudflare.com\/report\/v3?s=5Q8L7RoE%2FhAzX4afW7Q5RG5VhdI3ngST9TI6LaGCv9bgCnRnA4JDErX3%2BWvGKtcBbQKRHTLnbzpNXs%2FptioIQHLETK6F2xv0uuntXLYL0KVvtZMVdN0hn3m%2BArI%3D"}],"group":"cf-nel","max_age":604800}
3 < NEL: {"success_fraction":0,"report_to":"cf-nel","max_age":604800}
3 < Server: cloudflare
3 < CF-RAY: 6febe0774fd73223-BOM
3 < alt-svc: h3=":443"; ma=86400, h3-29=":443"; ma=86400
{"createdAt":"2022-04-20T06:38:24.097Z","name":"cyril","id":"640","job":"qa"}
12:08:24.217 [pool-1-thread-16] DEBUG com.intuit.karate - response time in milliseconds: 459
1 < 201
1 < Date: Wed, 20 Apr 2022 06:38:24 GMT
1 < Content-Type: application/json; charset=utf-8
1 < Content-Length: 91
1 < Connection: keep-alive
1 < X-Powered-By: Express
1 < Access-Control-Allow-Origin: *
1 < Etag: W/"5b-31AvCximwwQNVKq0iCRAmQY4FLU"
1 < Via: 1.1 vegur
1 < CF-Cache-Status: DYNAMIC
1 < Expect-CT: max-age=604800, report-uri="https://report-uri.cloudflare.com/cdn-cgi/beacon/expect-ct"
1 < Report-To: {"endpoints":[{"url":"https:\/\/a.nel.cloudflare.com\/report\/v3?s=wY9w0Hmf03d9PF5LbwosdMZxDY5j4HwSlTULxUKQl3pNxE%2BMuINDBlL4VCGKt0syuYkyi5%2Fx%2Bg4vz15Ucc8GACHpWwGF5lKwrogY6oQTYF%2Bp3mmZJKzsaapXao8%3D"}],"group":"cf-nel","max_age":604800}
1 < NEL: {"success_fraction":0,"report_to":"cf-nel","max_age":604800}
1 < Server: cloudflare
1 < CF-RAY: 6febe077bcc12e52-BOM
1 < alt-svc: h3=":443"; ma=86400, h3-29=":443"; ma=86400
{"createdAt":"2022-04-20T06:38:24.169Z","name":"Harvey","id":"203","job":"Forward Planner"}
12:08:24.239 [pool-1-thread-17] DEBUG com.intuit.karate - response time in milliseconds: 481
1 < 201
1 < Date: Wed, 20 Apr 2022 06:38:24 GMT
1 < Content-Type: application/json; charset=utf-8
1 < Content-Length: 97
1 < Connection: keep-alive
1 < X-Powered-By: Express
1 < Access-Control-Allow-Origin: *
1 < Etag: W/"61-bFuSfaOIzE8BDRL4LYK6J4fu2jE"
1 < Via: 1.1 vegur
1 < CF-Cache-Status: DYNAMIC
1 < Expect-CT: max-age=604800, report-uri="https://report-uri.cloudflare.com/cdn-cgi/beacon/expect-ct"
1 < Report-To: {"endpoints":[{"url":"https:\/\/a.nel.cloudflare.com\/report\/v3?s=1K6L5JsqdxRD6p%2BlI9eLmx4UB%2FheoFjnz5riQojU1HdvtBsFdCWzHMat%2BLxy%2F%2Fta%2BjxcyYVdYq0NN2N2ZCZty2txORWsW3FztMcq4%2BJi%2BAhYgL5%2Fi%2BOtuDPe%2B6w%3D"}],"group":"cf-nel","max_age":604800}
1 < NEL: {"success_fraction":0,"report_to":"cf-nel","max_age":604800}
1 < Server: cloudflare
1 < CF-RAY: 6febe077c8ae6ed1-BOM
1 < alt-svc: h3=":443"; ma=86400, h3-29=":443"; ma=86400
{"createdAt":"2022-04-20T06:38:24.170Z","name":"Toney","id":"866","job":"Manufacturing Director"}
12:08:24.352 [pool-1-thread-13] DEBUG com.intuit.karate - response time in milliseconds: 828
1 < 201
1 < Date: Wed, 20 Apr 2022 06:38:24 GMT
1 < Content-Type: application/json; charset=utf-8
1 < Content-Length: 77
1 < Connection: keep-alive
1 < X-Powered-By: Express
1 < Access-Control-Allow-Origin: *
1 < Etag: W/"4d-+8JOZiJDxqZzEZeqcS1h0N2QsCE"
1 < Via: 1.1 vegur
1 < CF-Cache-Status: DYNAMIC
1 < Expect-CT: max-age=604800, report-uri="https://report-uri.cloudflare.com/cdn-cgi/beacon/expect-ct"
1 < Report-To: {"endpoints":[{"url":"https:\/\/a.nel.cloudflare.com\/report\/v3?s=cv9o9gHmEI506rpW9xTB%2FZnyFPE6KfWrbqyiwpvZj4DvhVglDnS2PMjy6grZ42cYqqIHS98%2F1bCmdOZL69HAPhBSP1d4JqKXr7zr0cGF%2BcOYEiogBsqSmpFBz3E%3D"}],"group":"cf-nel","max_age":604800}
1 < NEL: {"success_fraction":0,"report_to":"cf-nel","max_age":604800}
1 < Server: cloudflare
1 < CF-RAY: 6febe076c9563228-BOM
1 < alt-svc: h3=":443"; ma=86400, h3-29=":443"; ma=86400
{"createdAt":"2022-04-20T06:38:24.032Z","name":"tony","id":"321","job":"dev"}
12:08:24.486 [pool-1-thread-18] DEBUG com.intuit.karate - response time in milliseconds: 727
1 < 201
1 < Date: Wed, 20 Apr 2022 06:38:24 GMT
1 < Content-Type: application/json; charset=utf-8
1 < Content-Length: 94
1 < Connection: keep-alive
1 < X-Powered-By: Express
1 < Access-Control-Allow-Origin: *
1 < Etag: W/"5e-CaR0ZhMUsOKpAgRMop8NTkw85OM"
1 < Via: 1.1 vegur
1 < CF-Cache-Status: DYNAMIC
1 < Expect-CT: max-age=604800, report-uri="https://report-uri.cloudflare.com/cdn-cgi/beacon/expect-ct"
1 < Report-To: {"endpoints":[{"url":"https:\/\/a.nel.cloudflare.com\/report\/v3?s=B6eayqSE%2FBWj38EjL3IPdtbvl4%2B1ZtDwQ5Q4Cx%2FqT7tErBNDmczTNDHUgBIFN6hsOV1vA1C4fT9ntwcRpumg6ZdHBKgwlMT8USz3CT6DMhS5FGDtXh4y%2F8wy1ac%3D"}],"group":"cf-nel","max_age":604800}
1 < NEL: {"success_fraction":0,"report_to":"cf-nel","max_age":604800}
1 < Server: cloudflare
1 < CF-RAY: 6febe0797f08319a-BOM
1 < alt-svc: h3=":443"; ma=86400, h3-29=":443"; ma=86400
{"createdAt":"2022-04-20T06:38:24.434Z","name":"Al","id":"137","job":"Future Banking Analyst"}
12:08:24.570 [pool-1-thread-24] DEBUG com.intuit.karate - response time in milliseconds: 1004
1 < 200
1 < Server: Cowboy
1 < Connection: keep-alive
1 < X-Powered-By: Express
1 < Content-Type: application/json; charset=utf-8
1 < Content-Length: 196
1 < Etag: W/"c4-Kk2EKtosqA+OKER19VWj9OjZWak"
1 < Date: Wed, 20 Apr 2022 06:38:24 GMT
1 < Via: 1.1 vegur
{"booking":{"firstname":"Tom","additionalneeds":"Breakfast","bookingdates":{"checkin":"2018-01-01","checkout":"2019-01-01"},"totalprice":111,"depositpaid":true,"lastname":"Mathew"},"bookingid":19}
12:08:24.585 [pool-1-thread-15] DEBUG com.intuit.karate - response time in milliseconds: 826
1 < 201
1 < Date: Wed, 20 Apr 2022 06:38:24 GMT
1 < Content-Type: application/json; charset=utf-8
1 < Content-Length: 106
1 < Connection: keep-alive
1 < X-Powered-By: Express
1 < Access-Control-Allow-Origin: *
1 < Etag: W/"6a-c3OhdtOOnTjP3LbVf5InwV4Mds4"
1 < Via: 1.1 vegur
1 < CF-Cache-Status: DYNAMIC
1 < Expect-CT: max-age=604800, report-uri="https://report-uri.cloudflare.com/cdn-cgi/beacon/expect-ct"
1 < Report-To: {"endpoints":[{"url":"https:\/\/a.nel.cloudflare.com\/report\/v3?s=Tw%2Bl9B9r%2FjtvU726PzlbnW18zxwlp1WFiFgLa1jgQViAJj1GD7Jpr9KrHneowYqWeCKR9BtNxmF3pI3N4H38w4wgHR4BzSkZLoGuWbZmEtBST%2BaF8p1gDv%2F8aq0%3D"}],"group":"cf-nel","max_age":604800}
1 < NEL: {"success_fraction":0,"report_to":"cf-nel","max_age":604800}
1 < Server: cloudflare
1 < CF-RAY: 6febe0785913848f-BOM
1 < alt-svc: h3=":443"; ma=86400, h3-29=":443"; ma=86400
{"createdAt":"2022-04-20T06:38:24.267Z","name":"Orlando","id":"291","job":"Lead Manufacturing Supervisor"}
12:08:24.599 [pool-1-thread-23] DEBUG com.intuit.karate - response time in milliseconds: 1028
1 < 200
1 < Server: Cowboy
1 < Connection: keep-alive
1 < X-Powered-By: Express
1 < Content-Type: application/json; charset=utf-8
1 < Content-Length: 168
1 < Etag: W/"a8-p5uB2C7mxZA3HXJZF+tJCDJr8VE"
1 < Date: Wed, 20 Apr 2022 06:38:24 GMT
1 < Via: 1.1 vegur
{"firstname":"Jim","additionalneeds":"Breakfast","bookingdates":{"checkin":"2018-01-01","checkout":"2019-01-01"},"totalprice":111,"depositpaid":true,"lastname":"Brown"}
12:08:24.630 [pool-1-thread-26] DEBUG com.intuit.karate - response time in milliseconds: 1026
1 < 200
1 < Server: Cowboy
1 < Connection: keep-alive
1 < X-Powered-By: Express
1 < Content-Type: application/json; charset=utf-8
1 < Content-Length: 27
1 < Etag: W/"1b-zGflPRxgMByxyIzLK8tQN94O4so"
1 < Date: Wed, 20 Apr 2022 06:38:24 GMT
1 < Via: 1.1 vegur
{"token":"ee8718b6429eb4f"}
12:08:24.634 [pool-1-thread-26] DEBUG com.intuit.karate - over-writing existing variable 'token' with new value: response.token
12:08:24.639 [pool-1-thread-26] DEBUG com.intuit.karate - request:
2 > POST https://restful-booker.herokuapp.com/booking
2 > Content-Type: application/json; charset=UTF-8
2 > Accept: application/json
2 > Content-Length: 168
2 > Host: restful-booker.herokuapp.com
2 > Connection: Keep-Alive
2 > User-Agent: Apache-HttpClient/4.5.13 (Java/1.8.0_312)
2 > Accept-Encoding: gzip,deflate
{"firstname":"Jim","additionalneeds":"Breakfast","bookingdates":{"checkin":"2018-01-01","checkout":"2019-01-01"},"totalprice":111,"depositpaid":true,"lastname":"Brown"}

12:08:24.645 [pool-1-thread-25] DEBUG com.intuit.karate - response time in milliseconds: 1047
1 < 200
1 < Server: Cowboy
1 < Connection: keep-alive
1 < X-Powered-By: Express
1 < Content-Type: application/json; charset=utf-8
1 < Content-Length: 171
1 < Etag: W/"ab-Sm2CcTtcN2Z2Sya0o1Aq+HMLavc"
1 < Date: Wed, 20 Apr 2022 06:38:24 GMT
1 < Via: 1.1 vegur
{"firstname":"James","additionalneeds":"Breakfast","bookingdates":{"checkin":"2018-01-01","checkout":"2019-01-01"},"totalprice":111,"depositpaid":true,"lastname":"George"}
12:08:24.909 [pool-1-thread-1] DEBUG com.intuit.karate - response time in milliseconds: 1382
1 < 201
1 < Date: Wed, 20 Apr 2022 06:38:24 GMT
1 < Content-Type: application/json; charset=utf-8
1 < Content-Length: 95
1 < Connection: keep-alive
1 < X-Powered-By: Express
1 < X-Ratelimit-Limit: 1000
1 < X-Ratelimit-Remaining: 996
1 < X-Ratelimit-Reset: 1650436715
1 < Vary: Origin, X-HTTP-Method-Override, Accept-Encoding
1 < Access-Control-Allow-Credentials: true
1 < Cache-Control: no-cache
1 < Pragma: no-cache
1 < Expires: -1
1 < Access-Control-Expose-Headers: Location
1 < Location: http://jsonplaceholder.typicode.com/posts/101
1 < X-Content-Type-Options: nosniff
1 < Etag: W/"5f-NpfW6DXbP9s9XSk+igjjrlBe6t8"
1 < Via: 1.1 vegur
1 < CF-Cache-Status: DYNAMIC
1 < Expect-CT: max-age=604800, report-uri="https://report-uri.cloudflare.com/cdn-cgi/beacon/expect-ct"
1 < Report-To: {"endpoints":[{"url":"https:\/\/a.nel.cloudflare.com\/report\/v3?s=Hg3H%2BufyRv7vNl1BXL3xanYFurPJ7FGrHd2zdV4BBheUOsbEeGxYr%2BpYJaXdHj302YdVHLdk2NPoZYXl8DnR1GIiKLV3YXT23uRIHpHe9srTnYqsEk7sEM0%2FYc9%2F8ZewHqq8uqd3blHi7I9ZcVZd"}],"group":"cf-nel","max_age":604800}
1 < NEL: {"success_fraction":0,"report_to":"cf-nel","max_age":604800}
1 < Server: cloudflare
1 < CF-RAY: 6febe0798ca587c6-SIN
1 < alt-svc: h3=":443"; ma=86400, h3-29=":443"; ma=86400
{"id":101,"title":"Java Feature File","body":"Karate Framework","userId":"50"}
12:08:24.909 [pool-1-thread-2] DEBUG com.intuit.karate - response time in milliseconds: 1374
1 < 201
1 < Date: Wed, 20 Apr 2022 06:38:24 GMT
1 < Content-Type: application/json; charset=utf-8
1 < Content-Length: 85
1 < Connection: keep-alive
1 < X-Powered-By: Express
1 < X-Ratelimit-Limit: 1000
1 < X-Ratelimit-Remaining: 997
1 < X-Ratelimit-Reset: 1650436715
1 < Vary: Origin, X-HTTP-Method-Override, Accept-Encoding
1 < Access-Control-Allow-Credentials: true
1 < Cache-Control: no-cache
1 < Pragma: no-cache
1 < Expires: -1
1 < Access-Control-Expose-Headers: Location
1 < Location: http://jsonplaceholder.typicode.com/posts/101
1 < X-Content-Type-Options: nosniff
1 < Etag: W/"55-ado8H4CXM9gruGbklc+Zwr09vJo"
1 < Via: 1.1 vegur
1 < CF-Cache-Status: DYNAMIC
1 < Expect-CT: max-age=604800, report-uri="https://report-uri.cloudflare.com/cdn-cgi/beacon/expect-ct"
1 < Report-To: {"endpoints":[{"url":"https:\/\/a.nel.cloudflare.com\/report\/v3?s=JnhelP%2BGIvFHB4vNHrnCjj80%2Bk%2F1VTkEvPTVG1FeeOFXcJBKJpi%2BALK%2BvrAl1XocJNzixwYatz%2BSGO%2FONPkm7Rt90AhY4utN6dWCpenR%2BM8340PohUs8zFolWhGoUFDw1XNnV6yc3mvm0qBYkCAQ"}],"group":"cf-nel","max_age":604800}
1 < NEL: {"success_fraction":0,"report_to":"cf-nel","max_age":604800}
1 < Server: cloudflare
1 < CF-RAY: 6febe0796d7487bd-SIN
1 < alt-svc: h3=":443"; ma=86400, h3-29=":443"; ma=86400
{"id":101,"title":"Welcome","body":"Karate Framework","userId":"10"}
12:08:24.917 [pool-1-thread-1] INFO  com.intuit.karate - [print] Response is:  {
  "id": 101,
  "title": "Java Feature File",
  "body": "Karate Framework",
  "userId": "50"
}
 
12:08:24.918 [pool-1-thread-2] INFO  com.intuit.karate - [print] Response is:  {
  "id": 101,
  "title": "Welcome",
  "body": "Karate Framework",
  "userId": "10"
}
 
12:08:25.493 [pool-1-thread-11] DEBUG com.intuit.karate - response time in milliseconds: 1939
1 < 200
1 < Date: Wed, 20 Apr 2022 06:38:24 GMT
1 < Content-Type: application/json; charset=utf-8
1 < Content-Length: 22
1 < Connection: keep-alive
1 < ETag: W/"16-sJz8uwjdDv0wvm7//BYdNw8vMbU"
1 < Vary: Accept-Encoding
1 < Set-Cookie: sails.sid=s%3AOIVTWuwIDWqzReJOTZmtfXUVFoNRGvT1.9WWDwowESxEkaF4LejjrWccBKu7BlZuokX1XU7aQcHk; Domain=postman-echo.com
{"authenticated":true}
12:08:25.521 [pool-2-thread-1] INFO  com.intuit.karate.Suite - <<pass>> feature 2 of 5 (3 remaining) classpath:com/tests/calljava/calljavaclass.feature
12:08:25.672 [pool-1-thread-26] DEBUG com.intuit.karate - response time in milliseconds: 1033
2 < 200
2 < Server: Cowboy
2 < Connection: keep-alive
2 < X-Powered-By: Express
2 < Content-Type: application/json; charset=utf-8
2 < Content-Length: 195
2 < Etag: W/"c3-DoYsD5DdJ6Yl2+3EiL7CCeVh96k"
2 < Date: Wed, 20 Apr 2022 06:38:25 GMT
2 < Via: 1.1 vegur
{"booking":{"firstname":"Jim","additionalneeds":"Breakfast","bookingdates":{"checkin":"2018-01-01","checkout":"2019-01-01"},"totalprice":111,"depositpaid":true,"lastname":"Brown"},"bookingid":20}
12:08:25.673 [pool-1-thread-26] DEBUG com.intuit.karate - over-writing existing variable 'booking_id' with new value: response.bookingid
12:08:25.677 [pool-1-thread-26] DEBUG com.intuit.karate - request:
1 > PUT https://restful-booker.herokuapp.com/booking/20
1 > Content-Type: application/json; charset=UTF-8
1 > Accept: application/json
1 > Cookie: token=ee8718b6429eb4f
1 > Content-Length: 171
1 > Host: restful-booker.herokuapp.com
1 > Connection: Keep-Alive
1 > User-Agent: Apache-HttpClient/4.5.13 (Java/1.8.0_312)
1 > Accept-Encoding: gzip,deflate
{"firstname":"James","additionalneeds":"Breakfast","bookingdates":{"checkin":"2018-01-01","checkout":"2019-01-01"},"totalprice":111,"depositpaid":true,"lastname":"George"}

12:08:25.836 [pool-2-thread-1] INFO  com.intuit.karate.Suite - <<pass>> feature 4 of 5 (1 remaining) classpath:com/tests/reqres/reqres.feature
12:08:26.853 [pool-1-thread-26] DEBUG com.intuit.karate - response time in milliseconds: 1176
1 < 200
1 < Server: Cowboy
1 < Connection: keep-alive
1 < X-Powered-By: Express
1 < Content-Type: application/json; charset=utf-8
1 < Content-Length: 171
1 < Etag: W/"ab-Sm2CcTtcN2Z2Sya0o1Aq+HMLavc"
1 < Date: Wed, 20 Apr 2022 06:38:26 GMT
1 < Via: 1.1 vegur
{"firstname":"James","additionalneeds":"Breakfast","bookingdates":{"checkin":"2018-01-01","checkout":"2019-01-01"},"totalprice":111,"depositpaid":true,"lastname":"George"}
12:08:26.964 [pool-2-thread-1] INFO  com.intuit.karate.Suite - <<pass>> feature 5 of 5 (0 remaining) classpath:com/tests/restfulbooker/restfulbooker.feature
